<?xml version="1.0" encoding="UTF-8" ?>
<testsuite tests="5" failures="0" name="MoneyTest" time="0.007" errors="0" skipped="0">
  <properties>
[...]
</properties>
  <testcase classname="MoneyTest" name="divideTest" time="0.006"/>
  <testcase classname="MoneyTest" name="multyplyTest" time="0"/>
  <testcase classname="MoneyTest" name="addTest" time="0"/>
  <testcase classname="MoneyTest" name="subtractTest" time="0"/>
  <testcase classname="MoneyTest" name="getCountTest" time="0.001"/>
</testsuite>